Launced with slurm
Launced with slurm
Launced with slurm
Launced with slurm
world size, rank, gpu, device count: 4 1 1 4
world size, rank, gpu, device count: 4 0 0 4
world size, rank, gpu, device count: 4 3 3 4
world size, rank, gpu, device count: 4 2 2 4
| distributed init (rank 0): env://
| distributed init (rank 2): env://
| distributed init (rank 1): env://
| distributed init (rank 3): env://
git:
  sha: 454bcbd73f5de111d637ba795bd2f9fedddd631b, status: has uncommited changes, branch: master

arch: vit_base
batch_size_per_gpu: 128
clip_grad: 1.0
data_path: /scratch/eo41/data/saycam/A_5fps_300s_{000000..000002}.tar
dist_url: env://
epochs: 100
freeze_last_layer: 0
global_crops_scale: [0.2, 1.0]
gpu: 0
local_crops_number: 8
local_crops_scale: [0.05, 0.2]
local_rank: 0
lr: 0.0001
min_lr: 0.0001
momentum_teacher: 0.9995
norm_last_layer: True
num_workers: 8
optimizer: adamw
out_dim: 65536
output_dir: /scratch/eo41/dino/models_vitb
patch_size: 16
print_freq: 5000
rank: 0
save_prefix: a_5fps_vitb16
saveckp_freq: 5000
seed: 1
teacher_temp: 0.04
use_bn_in_head: False
use_fp16: False
warmup_epochs: 0
warmup_teacher_temp: 0.04
warmup_teacher_temp_epochs: 0
weight_decay: 0.0
weight_decay_end: 0.0
world_size: 4
/scratch/eo41/miniconda3/lib/python3.9/site-packages/torchvision/transforms/transforms.py:852: UserWarning: Argument interpolation should be of type InterpolationMode instead of int. Please, use InterpolationMode enum.
  warnings.warn(
/scratch/eo41/miniconda3/lib/python3.9/site-packages/torchvision/transforms/transforms.py:852: UserWarning: Argument interpolation should be of type InterpolationMode instead of int. Please, use InterpolationMode enum.
  warnings.warn(
/scratch/eo41/miniconda3/lib/python3.9/site-packages/torchvision/transforms/transforms.py:852: UserWarning: Argument interpolation should be of type InterpolationMode instead of int. Please, use InterpolationMode enum.
  warnings.warn(
/scratch/eo41/miniconda3/lib/python3.9/site-packages/torchvision/transforms/transforms.py:852: UserWarning: Argument interpolation should be of type InterpolationMode instead of int. Please, use InterpolationMode enum.
  warnings.warn(
/scratch/eo41/miniconda3/lib/python3.9/site-packages/torch/utils/data/dataloader.py:478: UserWarning: This DataLoader will create 8 worker processes in total. Our suggested max number of worker in current system is 4, which is smaller than what this DataLoader is going to create. Please be aware that excessive worker creation might get DataLoader running slow or even freeze, lower the worker number to avoid potential slowness/freeze if necessary.
  warnings.warn(_create_warning_msg(
/scratch/eo41/miniconda3/lib/python3.9/site-packages/torch/utils/data/dataloader.py:478: UserWarning: This DataLoader will create 8 worker processes in total. Our suggested max number of worker in current system is 4, which is smaller than what this DataLoader is going to create. Please be aware that excessive worker creation might get DataLoader running slow or even freeze, lower the worker number to avoid potential slowness/freeze if necessary.
  warnings.warn(_create_warning_msg(
/scratch/eo41/miniconda3/lib/python3.9/site-packages/torch/utils/data/dataloader.py:478: UserWarning: This DataLoader will create 8 worker processes in total. Our suggested max number of worker in current system is 4, which is smaller than what this DataLoader is going to create. Please be aware that excessive worker creation might get DataLoader running slow or even freeze, lower the worker number to avoid potential slowness/freeze if necessary.
  warnings.warn(_create_warning_msg(
/scratch/eo41/miniconda3/lib/python3.9/site-packages/torch/utils/data/dataloader.py:478: UserWarning: This DataLoader will create 8 worker processes in total. Our suggested max number of worker in current system is 4, which is smaller than what this DataLoader is going to create. Please be aware that excessive worker creation might get DataLoader running slow or even freeze, lower the worker number to avoid potential slowness/freeze if necessary.
  warnings.warn(_create_warning_msg(
Data loaded.
Student and Teacher are built: they are both vit_base network.
Loss, optimizer and schedulers ready.
Starting DINO training !
/scratch/eo41/miniconda3/lib/python3.9/site-packages/torch/nn/functional.py:3631: UserWarning: Default upsampling behavior when mode=bicubic is changed to align_corners=False since 0.4.0. Please specify align_corners=True if the old behavior is desired. See the documentation of nn.Upsample for details.
  warnings.warn(
/scratch/eo41/miniconda3/lib/python3.9/site-packages/torch/nn/functional.py:3679: UserWarning: The default behavior for interpolate/upsample with float scale_factor changed in 1.6.0 to align with other frameworks/libraries, and now uses scale_factor directly, instead of relying on the computed output size. If you wish to restore the old behavior, please set recompute_scale_factor=True. See the documentation of nn.Upsample for details. 
  warnings.warn(
/scratch/eo41/miniconda3/lib/python3.9/site-packages/torch/nn/functional.py:3631: UserWarning: Default upsampling behavior when mode=bicubic is changed to align_corners=False since 0.4.0. Please specify align_corners=True if the old behavior is desired. See the documentation of nn.Upsample for details.
  warnings.warn(
/scratch/eo41/miniconda3/lib/python3.9/site-packages/torch/nn/functional.py:3679: UserWarning: The default behavior for interpolate/upsample with float scale_factor changed in 1.6.0 to align with other frameworks/libraries, and now uses scale_factor directly, instead of relying on the computed output size. If you wish to restore the old behavior, please set recompute_scale_factor=True. See the documentation of nn.Upsample for details. 
  warnings.warn(
/scratch/eo41/miniconda3/lib/python3.9/site-packages/torch/nn/functional.py:3631: UserWarning: Default upsampling behavior when mode=bicubic is changed to align_corners=False since 0.4.0. Please specify align_corners=True if the old behavior is desired. See the documentation of nn.Upsample for details.
  warnings.warn(
/scratch/eo41/miniconda3/lib/python3.9/site-packages/torch/nn/functional.py:3679: UserWarning: The default behavior for interpolate/upsample with float scale_factor changed in 1.6.0 to align with other frameworks/libraries, and now uses scale_factor directly, instead of relying on the computed output size. If you wish to restore the old behavior, please set recompute_scale_factor=True. See the documentation of nn.Upsample for details. 
  warnings.warn(
/scratch/eo41/miniconda3/lib/python3.9/site-packages/torch/nn/functional.py:3631: UserWarning: Default upsampling behavior when mode=bicubic is changed to align_corners=False since 0.4.0. Please specify align_corners=True if the old behavior is desired. See the documentation of nn.Upsample for details.
  warnings.warn(
/scratch/eo41/miniconda3/lib/python3.9/site-packages/torch/nn/functional.py:3679: UserWarning: The default behavior for interpolate/upsample with float scale_factor changed in 1.6.0 to align with other frameworks/libraries, and now uses scale_factor directly, instead of relying on the computed output size. If you wish to restore the old behavior, please set recompute_scale_factor=True. See the documentation of nn.Upsample for details. 
  warnings.warn(
Averaged stats: loss: 10.742613 (10.755929)  lr: 0.000100 (0.000100)  wd: 0.000000 (0.000000)
Averaged stats: loss: 10.859420 (10.982108)  lr: 0.000100 (0.000100)  wd: 0.000000 (0.000000)
Averaged stats: loss: 10.472010 (10.655066)  lr: 0.000100 (0.000100)  wd: 0.000000 (0.000000)
Averaged stats: loss: 9.829873 (10.204561)  lr: 0.000100 (0.000100)  wd: 0.000000 (0.000000)
Averaged stats: loss: 8.895660 (9.417955)  lr: 0.000100 (0.000100)  wd: 0.000000 (0.000000)
Averaged stats: loss: 7.962348 (8.396101)  lr: 0.000100 (0.000100)  wd: 0.000000 (0.000000)
Averaged stats: loss: 6.677028 (7.271972)  lr: 0.000100 (0.000100)  wd: 0.000000 (0.000000)
Averaged stats: loss: 5.739974 (6.182751)  lr: 0.000100 (0.000100)  wd: 0.000000 (0.000000)
Averaged stats: loss: 4.977465 (5.336660)  lr: 0.000100 (0.000100)  wd: 0.000000 (0.000000)
Averaged stats: loss: 4.596689 (4.754100)  lr: 0.000100 (0.000100)  wd: 0.000000 (0.000000)
Averaged stats: loss: 4.118608 (4.321522)  lr: 0.000100 (0.000100)  wd: 0.000000 (0.000000)
Averaged stats: loss: 3.880800 (4.012553)  lr: 0.000100 (0.000100)  wd: 0.000000 (0.000000)
Averaged stats: loss: 3.730766 (3.762085)  lr: 0.000100 (0.000100)  wd: 0.000000 (0.000000)
Averaged stats: loss: 3.446406 (3.567298)  lr: 0.000100 (0.000100)  wd: 0.000000 (0.000000)
Averaged stats: loss: 3.286956 (3.413526)  lr: 0.000100 (0.000100)  wd: 0.000000 (0.000000)
Averaged stats: loss: 3.096075 (3.273785)  lr: 0.000100 (0.000100)  wd: 0.000000 (0.000000)
Averaged stats: loss: 3.077568 (3.159804)  lr: 0.000100 (0.000100)  wd: 0.000000 (0.000000)
Averaged stats: loss: 3.053355 (3.057152)  lr: 0.000100 (0.000100)  wd: 0.000000 (0.000000)
Averaged stats: loss: 2.910002 (2.968265)  lr: 0.000100 (0.000100)  wd: 0.000000 (0.000000)
Averaged stats: loss: 2.806977 (2.892749)  lr: 0.000100 (0.000100)  wd: 0.000000 (0.000000)
Averaged stats: loss: 2.857105 (2.839727)  lr: 0.000100 (0.000100)  wd: 0.000000 (0.000000)
Averaged stats: loss: 2.820073 (2.785341)  lr: 0.000100 (0.000100)  wd: 0.000000 (0.000000)
Averaged stats: loss: 2.744488 (2.734052)  lr: 0.000100 (0.000100)  wd: 0.000000 (0.000000)
Averaged stats: loss: 2.676377 (2.687520)  lr: 0.000100 (0.000100)  wd: 0.000000 (0.000000)
Averaged stats: loss: 2.591720 (2.651815)  lr: 0.000100 (0.000100)  wd: 0.000000 (0.000000)
