Launced with slurm
Launced with slurm
Launced with slurm
Launced with slurm
world size, rank, gpu, device count: 4 0 0 4
world size, rank, gpu, device count: 4 2 2 4
world size, rank, gpu, device count: 4 1 1 4
world size, rank, gpu, device count: 4 3 3 4
| distributed init (rank 0): env://
| distributed init (rank 1): env://
| distributed init (rank 3): env://
| distributed init (rank 2): env://
git:
  sha: 237b6a9bfc30492be5ace81d8cb06356b3603d05, status: has uncommited changes, branch: master

arch: vit_base
batch_size_per_gpu: 128
clip_grad: 1.0
data_path: /scratch/eo41/data/saycam/SAY_5fps_300s_{000000..000009}.tar
dist_url: env://
epochs: 100
freeze_last_layer: 0
global_crops_scale: [0.2, 1.0]
gpu: 0
local_crops_number: 8
local_crops_scale: [0.05, 0.2]
local_rank: 0
lr: 0.0001
min_lr: 0.0001
momentum_teacher: 0.9995
norm_last_layer: True
num_workers: 8
optimizer: adamw
out_dim: 65536
output_dir: /scratch/eo41/dino/models_vitb16
patch_size: 16
print_freq: 5000
rank: 0
save_prefix: say_5fps_vitb16
saveckp_freq: 5000
seed: 1
teacher_temp: 0.04
use_bn_in_head: False
use_fp16: False
warmup_epochs: 0
warmup_teacher_temp: 0.04
warmup_teacher_temp_epochs: 0
weight_decay: 0.0
weight_decay_end: 0.0
world_size: 4
/scratch/eo41/miniconda3/lib/python3.9/site-packages/torchvision/transforms/transforms.py:852: UserWarning: Argument interpolation should be of type InterpolationMode instead of int. Please, use InterpolationMode enum.
  warnings.warn(
/scratch/eo41/miniconda3/lib/python3.9/site-packages/torchvision/transforms/transforms.py:852: UserWarning: Argument interpolation should be of type InterpolationMode instead of int. Please, use InterpolationMode enum.
  warnings.warn(
/scratch/eo41/miniconda3/lib/python3.9/site-packages/torchvision/transforms/transforms.py:852: UserWarning: Argument interpolation should be of type InterpolationMode instead of int. Please, use InterpolationMode enum.
  warnings.warn(
/scratch/eo41/miniconda3/lib/python3.9/site-packages/torchvision/transforms/transforms.py:852: UserWarning: Argument interpolation should be of type InterpolationMode instead of int. Please, use InterpolationMode enum.
  warnings.warn(
Data loaded.
Student and Teacher are built: they are both vit_base network.
Loss, optimizer and schedulers ready.
Found checkpoint at /scratch/eo41/dino/models_vitb16/say_5fps_vitb16_checkpoint.pth
=> loaded 'student' from checkpoint '/scratch/eo41/dino/models_vitb16/say_5fps_vitb16_checkpoint.pth' with msg <All keys matched successfully>
=> loaded 'teacher' from checkpoint '/scratch/eo41/dino/models_vitb16/say_5fps_vitb16_checkpoint.pth' with msg <All keys matched successfully>
=> loaded 'optimizer' from checkpoint: '/scratch/eo41/dino/models_vitb16/say_5fps_vitb16_checkpoint.pth'
=> key 'fp16_scaler' not found in checkpoint: '/scratch/eo41/dino/models_vitb16/say_5fps_vitb16_checkpoint.pth'
=> loaded 'dino_loss' from checkpoint '/scratch/eo41/dino/models_vitb16/say_5fps_vitb16_checkpoint.pth' with msg <All keys matched successfully>
Starting DINO training !
/scratch/eo41/miniconda3/lib/python3.9/site-packages/torch/nn/functional.py:3631: UserWarning: Default upsampling behavior when mode=bicubic is changed to align_corners=False since 0.4.0. Please specify align_corners=True if the old behavior is desired. See the documentation of nn.Upsample for details.
  warnings.warn(
/scratch/eo41/miniconda3/lib/python3.9/site-packages/torch/nn/functional.py:3679: UserWarning: The default behavior for interpolate/upsample with float scale_factor changed in 1.6.0 to align with other frameworks/libraries, and now uses scale_factor directly, instead of relying on the computed output size. If you wish to restore the old behavior, please set recompute_scale_factor=True. See the documentation of nn.Upsample for details. 
  warnings.warn(
/scratch/eo41/miniconda3/lib/python3.9/site-packages/torch/nn/functional.py:3631: UserWarning: Default upsampling behavior when mode=bicubic is changed to align_corners=False since 0.4.0. Please specify align_corners=True if the old behavior is desired. See the documentation of nn.Upsample for details.
  warnings.warn(
/scratch/eo41/miniconda3/lib/python3.9/site-packages/torch/nn/functional.py:3679: UserWarning: The default behavior for interpolate/upsample with float scale_factor changed in 1.6.0 to align with other frameworks/libraries, and now uses scale_factor directly, instead of relying on the computed output size. If you wish to restore the old behavior, please set recompute_scale_factor=True. See the documentation of nn.Upsample for details. 
  warnings.warn(
/scratch/eo41/miniconda3/lib/python3.9/site-packages/torch/nn/functional.py:3631: UserWarning: Default upsampling behavior when mode=bicubic is changed to align_corners=False since 0.4.0. Please specify align_corners=True if the old behavior is desired. See the documentation of nn.Upsample for details.
  warnings.warn(
/scratch/eo41/miniconda3/lib/python3.9/site-packages/torch/nn/functional.py:3679: UserWarning: The default behavior for interpolate/upsample with float scale_factor changed in 1.6.0 to align with other frameworks/libraries, and now uses scale_factor directly, instead of relying on the computed output size. If you wish to restore the old behavior, please set recompute_scale_factor=True. See the documentation of nn.Upsample for details. 
  warnings.warn(
/scratch/eo41/miniconda3/lib/python3.9/site-packages/torch/nn/functional.py:3631: UserWarning: Default upsampling behavior when mode=bicubic is changed to align_corners=False since 0.4.0. Please specify align_corners=True if the old behavior is desired. See the documentation of nn.Upsample for details.
  warnings.warn(
/scratch/eo41/miniconda3/lib/python3.9/site-packages/torch/nn/functional.py:3679: UserWarning: The default behavior for interpolate/upsample with float scale_factor changed in 1.6.0 to align with other frameworks/libraries, and now uses scale_factor directly, instead of relying on the computed output size. If you wish to restore the old behavior, please set recompute_scale_factor=True. See the documentation of nn.Upsample for details. 
  warnings.warn(
Averaged stats: loss: 2.495405 (2.662429)  lr: 0.000100 (0.000100)  wd: 0.000000 (0.000000)
Averaged stats: loss: 2.623627 (2.621527)  lr: 0.000100 (0.000100)  wd: 0.000000 (0.000000)
Averaged stats: loss: 2.555383 (2.619731)  lr: 0.000100 (0.000100)  wd: 0.000000 (0.000000)
Averaged stats: loss: 2.561116 (2.587320)  lr: 0.000100 (0.000100)  wd: 0.000000 (0.000000)
Averaged stats: loss: 2.528737 (2.560421)  lr: 0.000100 (0.000100)  wd: 0.000000 (0.000000)
Averaged stats: loss: 2.461300 (2.536324)  lr: 0.000100 (0.000100)  wd: 0.000000 (0.000000)
Averaged stats: loss: 2.559695 (2.514912)  lr: 0.000100 (0.000100)  wd: 0.000000 (0.000000)
Averaged stats: loss: 2.452188 (2.487157)  lr: 0.000100 (0.000100)  wd: 0.000000 (0.000000)
Averaged stats: loss: 2.447664 (2.468889)  lr: 0.000100 (0.000100)  wd: 0.000000 (0.000000)
Averaged stats: loss: 2.418519 (2.450077)  lr: 0.000100 (0.000100)  wd: 0.000000 (0.000000)
Averaged stats: loss: 2.350672 (2.430580)  lr: 0.000100 (0.000100)  wd: 0.000000 (0.000000)
Averaged stats: loss: 2.383273 (2.412213)  lr: 0.000100 (0.000100)  wd: 0.000000 (0.000000)
Averaged stats: loss: 2.365435 (2.397136)  lr: 0.000100 (0.000100)  wd: 0.000000 (0.000000)
Averaged stats: loss: 2.318435 (2.375698)  lr: 0.000100 (0.000100)  wd: 0.000000 (0.000000)
Averaged stats: loss: 2.288881 (2.362757)  lr: 0.000100 (0.000100)  wd: 0.000000 (0.000000)
Averaged stats: loss: 2.310431 (2.348092)  lr: 0.000100 (0.000100)  wd: 0.000000 (0.000000)
Averaged stats: loss: 2.264275 (2.332037)  lr: 0.000100 (0.000100)  wd: 0.000000 (0.000000)
Averaged stats: loss: 2.233821 (2.319890)  lr: 0.000100 (0.000100)  wd: 0.000000 (0.000000)
Averaged stats: loss: 2.294556 (2.310353)  lr: 0.000100 (0.000100)  wd: 0.000000 (0.000000)
Averaged stats: loss: 2.305178 (2.295773)  lr: 0.000100 (0.000100)  wd: 0.000000 (0.000000)
Averaged stats: loss: 2.243307 (2.280223)  lr: 0.000100 (0.000100)  wd: 0.000000 (0.000000)
Averaged stats: loss: 2.256667 (2.266547)  lr: 0.000100 (0.000100)  wd: 0.000000 (0.000000)
Averaged stats: loss: 2.183227 (2.257339)  lr: 0.000100 (0.000100)  wd: 0.000000 (0.000000)
Averaged stats: loss: 2.204055 (2.245455)  lr: 0.000100 (0.000100)  wd: 0.000000 (0.000000)
Averaged stats: loss: 2.185055 (2.238027)  lr: 0.000100 (0.000100)  wd: 0.000000 (0.000000)
Averaged stats: loss: 2.265552 (2.228836)  lr: 0.000100 (0.000100)  wd: 0.000000 (0.000000)
Averaged stats: loss: 2.182585 (2.217575)  lr: 0.000100 (0.000100)  wd: 0.000000 (0.000000)
slurmstepd: error: *** JOB 25628362 ON ga005 CANCELLED AT 2022-10-06T04:32:03 DUE TO TIME LIMIT ***
srun: Job step aborted: Waiting up to 32 seconds for job step to finish.
slurmstepd: error: *** STEP 25628362.0 ON ga005 CANCELLED AT 2022-10-06T04:32:03 DUE TO TIME LIMIT ***
