Launced with slurm
Launced with slurm
world size, rank, gpu, device count: 2 1 1 2
world size, rank, gpu, device count: 2 0 0 2
| distributed init (rank 0): env://
| distributed init (rank 1): env://
git:
  sha: bb27bd27b4c465541d81cbc79ae686f637ca88dc, status: has uncommited changes, branch: master

arch: vit_small
batch_size_per_gpu: 128
clip_grad: 1.0
data_path: /scratch/eo41/data/saycam/Y_5fps_300s_{000000..000002}.tar
dist_url: env://
epochs: 100
freeze_last_layer: 0
global_crops_scale: [0.2, 1.0]
gpu: 0
local_crops_number: 8
local_crops_scale: [0.05, 0.2]
local_rank: 0
lr: 0.0001
min_lr: 0.0001
momentum_teacher: 0.9995
norm_last_layer: True
num_workers: 8
optimizer: adamw
out_dim: 65536
output_dir: /scratch/eo41/dino/models_vits16
patch_size: 16
print_freq: 5000
rank: 0
save_prefix: y_5fps_vits16
saveckp_freq: 5000
seed: 1
teacher_temp: 0.04
use_bn_in_head: False
use_fp16: False
warmup_epochs: 0
warmup_teacher_temp: 0.04
warmup_teacher_temp_epochs: 0
weight_decay: 0.0
weight_decay_end: 0.0
world_size: 2
/scratch/eo41/miniconda3/lib/python3.9/site-packages/torchvision/transforms/transforms.py:852: UserWarning: Argument interpolation should be of type InterpolationMode instead of int. Please, use InterpolationMode enum.
  warnings.warn(
/scratch/eo41/miniconda3/lib/python3.9/site-packages/torchvision/transforms/transforms.py:852: UserWarning: Argument interpolation should be of type InterpolationMode instead of int. Please, use InterpolationMode enum.
  warnings.warn(
Data loaded.
Student and Teacher are built: they are both vit_small network.
Loss, optimizer and schedulers ready.
Found checkpoint at /scratch/eo41/dino/models_vits16/y_5fps_vits16_checkpoint.pth
=> loaded 'student' from checkpoint '/scratch/eo41/dino/models_vits16/y_5fps_vits16_checkpoint.pth' with msg <All keys matched successfully>
=> loaded 'teacher' from checkpoint '/scratch/eo41/dino/models_vits16/y_5fps_vits16_checkpoint.pth' with msg <All keys matched successfully>
=> loaded 'optimizer' from checkpoint: '/scratch/eo41/dino/models_vits16/y_5fps_vits16_checkpoint.pth'
=> key 'fp16_scaler' not found in checkpoint: '/scratch/eo41/dino/models_vits16/y_5fps_vits16_checkpoint.pth'
=> loaded 'dino_loss' from checkpoint '/scratch/eo41/dino/models_vits16/y_5fps_vits16_checkpoint.pth' with msg <All keys matched successfully>
Starting DINO training !
/scratch/eo41/miniconda3/lib/python3.9/site-packages/torch/nn/functional.py:3631: UserWarning: Default upsampling behavior when mode=bicubic is changed to align_corners=False since 0.4.0. Please specify align_corners=True if the old behavior is desired. See the documentation of nn.Upsample for details.
  warnings.warn(
/scratch/eo41/miniconda3/lib/python3.9/site-packages/torch/nn/functional.py:3679: UserWarning: The default behavior for interpolate/upsample with float scale_factor changed in 1.6.0 to align with other frameworks/libraries, and now uses scale_factor directly, instead of relying on the computed output size. If you wish to restore the old behavior, please set recompute_scale_factor=True. See the documentation of nn.Upsample for details. 
  warnings.warn(
/scratch/eo41/miniconda3/lib/python3.9/site-packages/torch/nn/functional.py:3631: UserWarning: Default upsampling behavior when mode=bicubic is changed to align_corners=False since 0.4.0. Please specify align_corners=True if the old behavior is desired. See the documentation of nn.Upsample for details.
  warnings.warn(
/scratch/eo41/miniconda3/lib/python3.9/site-packages/torch/nn/functional.py:3679: UserWarning: The default behavior for interpolate/upsample with float scale_factor changed in 1.6.0 to align with other frameworks/libraries, and now uses scale_factor directly, instead of relying on the computed output size. If you wish to restore the old behavior, please set recompute_scale_factor=True. See the documentation of nn.Upsample for details. 
  warnings.warn(
Averaged stats: loss: 2.588714 (2.647168)  lr: 0.000100 (0.000100)  wd: 0.000000 (0.000000)
Averaged stats: loss: 2.744478 (2.717903)  lr: 0.000100 (0.000100)  wd: 0.000000 (0.000000)
Averaged stats: loss: 2.689070 (2.712738)  lr: 0.000100 (0.000100)  wd: 0.000000 (0.000000)
Averaged stats: loss: 2.728816 (2.687745)  lr: 0.000100 (0.000100)  wd: 0.000000 (0.000000)
Averaged stats: loss: 2.614727 (2.672238)  lr: 0.000100 (0.000100)  wd: 0.000000 (0.000000)
Averaged stats: loss: 2.668985 (2.665270)  lr: 0.000100 (0.000100)  wd: 0.000000 (0.000000)
Averaged stats: loss: 2.662229 (2.655985)  lr: 0.000100 (0.000100)  wd: 0.000000 (0.000000)
Averaged stats: loss: 2.626743 (2.659525)  lr: 0.000100 (0.000100)  wd: 0.000000 (0.000000)
Averaged stats: loss: 2.595378 (2.641876)  lr: 0.000100 (0.000100)  wd: 0.000000 (0.000000)
Averaged stats: loss: 2.633492 (2.626525)  lr: 0.000100 (0.000100)  wd: 0.000000 (0.000000)
Averaged stats: loss: 2.577027 (2.607003)  lr: 0.000100 (0.000100)  wd: 0.000000 (0.000000)
Averaged stats: loss: 2.550379 (2.593725)  lr: 0.000100 (0.000100)  wd: 0.000000 (0.000000)
Averaged stats: loss: 2.577586 (2.584146)  lr: 0.000100 (0.000100)  wd: 0.000000 (0.000000)
Averaged stats: loss: 2.568496 (2.572441)  lr: 0.000100 (0.000100)  wd: 0.000000 (0.000000)
Averaged stats: loss: 2.567303 (2.557796)  lr: 0.000100 (0.000100)  wd: 0.000000 (0.000000)
Averaged stats: loss: 2.500306 (2.543239)  lr: 0.000100 (0.000100)  wd: 0.000000 (0.000000)
